<?xml version="1.0" encoding="UTF-8"?>
<testsuites name="Mocha Tests" time="13.2020" tests="27" failures="0">
  <testsuite name="Root Suite" timestamp="2022-01-12T04:23:41" tests="0" file="cypress/integration/slider.test.js" time="0.0000" failures="0">
  </testsuite>
  <testsuite name="Slider Tests" timestamp="2022-01-12T04:23:41" tests="0" time="0.0000" failures="0">
  </testsuite>
  <testsuite name="given a user selecting a vacation rental" timestamp="2022-01-12T04:23:43" tests="0" time="0.0000" failures="0">
  </testsuite>
  <testsuite name="when the user selects $ USD as currency" timestamp="2022-01-12T04:23:43" tests="0" time="0.0000" failures="0">
  </testsuite>
  <testsuite name="and the user selects montly as time period" timestamp="2022-01-12T04:23:43" tests="0" time="0.0000" failures="0">
  </testsuite>
  <testsuite name="and the user selects 0 as number of rentals" timestamp="2022-01-12T04:23:44" tests="1" time="3.5770" failures="0">
    <testcase name="Slider Tests given a user selecting a vacation rental when the user selects $ USD as currency and the user selects montly as time period and the user selects 0 as number of rentals then the user should see 17 as starter price, 46 
                                as professional price and 69 as ultimate price" time="3.5770" classname="then the user should see 17 as starter price, 46 
                                as professional price and 69 as ultimate price">
    </testcase>
  </testsuite>
  <testsuite name="and the user selects 50 as number of rentals" timestamp="2022-01-12T04:23:44" tests="1" time="0.3560" failures="0">
    <testcase name="Slider Tests given a user selecting a vacation rental when the user selects $ USD as currency and the user selects montly as time period and the user selects 50 as number of rentals then the user should see 92 as starter price, 536 
                                as professional price and 741 as ultimate price" time="0.3560" classname="then the user should see 92 as starter price, 536 
                                as professional price and 741 as ultimate price">
    </testcase>
  </testsuite>
  <testsuite name="and the user selects 100 as number of rentals" timestamp="2022-01-12T04:23:45" tests="1" time="0.2720" failures="0">
    <testcase name="Slider Tests given a user selecting a vacation rental when the user selects $ USD as currency and the user selects montly as time period and the user selects 100 as number of rentals then the user should see 127 as starter price, 965 
                                as professional price and 1313 as ultimate price" time="0.2720" classname="then the user should see 127 as starter price, 965 
                                as professional price and 1313 as ultimate price">
    </testcase>
  </testsuite>
  <testsuite name="and the user selects yearly as time period" timestamp="2022-01-12T04:23:45" tests="0" time="0.0000" failures="0">
  </testsuite>
  <testsuite name="and the user selects 0 as number of rentals" timestamp="2022-01-12T04:23:45" tests="1" time="0.5110" failures="0">
    <testcase name="Slider Tests given a user selecting a vacation rental when the user selects $ USD as currency and the user selects yearly as time period and the user selects 0 as number of rentals then the user should see 12 as starter price, 32 
                                as professional price and 48 as ultimate price" time="0.5110" classname="then the user should see 12 as starter price, 32 
                                as professional price and 48 as ultimate price">
    </testcase>
  </testsuite>
  <testsuite name="and the user selects 50 as number of rentals" timestamp="2022-01-12T04:23:45" tests="1" time="0.2960" failures="0">
    <testcase name="Slider Tests given a user selecting a vacation rental when the user selects $ USD as currency and the user selects yearly as time period and the user selects 50 as number of rentals then the user should see 64 as starter price, 375 
                                as professional price and 518 as ultimate price" time="0.2960" classname="then the user should see 64 as starter price, 375 
                                as professional price and 518 as ultimate price">
    </testcase>
  </testsuite>
  <testsuite name="and the user selects 100 as number of rentals" timestamp="2022-01-12T04:23:46" tests="1" time="0.2930" failures="0">
    <testcase name="Slider Tests given a user selecting a vacation rental when the user selects $ USD as currency and the user selects yearly as time period and the user selects 100 as number of rentals then the user should see 89 as starter price, 675 
                                as professional price and 918 as ultimate price" time="0.2930" classname="then the user should see 89 as starter price, 675 
                                as professional price and 918 as ultimate price">
    </testcase>
  </testsuite>
  <testsuite name="and the user selects two-years as time period" timestamp="2022-01-12T04:23:46" tests="0" time="0.0000" failures="0">
  </testsuite>
  <testsuite name="and the user selects 0 as number of rentals" timestamp="2022-01-12T04:23:46" tests="1" time="0.5020" failures="0">
    <testcase name="Slider Tests given a user selecting a vacation rental when the user selects $ USD as currency and the user selects two-years as time period and the user selects 0 as number of rentals then the user should see 11 as starter price, 30 
                                as professional price and 45 as ultimate price" time="0.5020" classname="then the user should see 11 as starter price, 30 
                                as professional price and 45 as ultimate price">
    </testcase>
  </testsuite>
  <testsuite name="and the user selects 50 as number of rentals" timestamp="2022-01-12T04:23:46" tests="1" time="0.2440" failures="0">
    <testcase name="Slider Tests given a user selecting a vacation rental when the user selects $ USD as currency and the user selects two-years as time period and the user selects 50 as number of rentals then the user should see 60 as starter price, 352 
                                as professional price and 486 as ultimate price" time="0.2440" classname="then the user should see 60 as starter price, 352 
                                as professional price and 486 as ultimate price">
    </testcase>
  </testsuite>
  <testsuite name="and the user selects 100 as number of rentals" timestamp="2022-01-12T04:23:47" tests="1" time="0.2560" failures="0">
    <testcase name="Slider Tests given a user selecting a vacation rental when the user selects $ USD as currency and the user selects two-years as time period and the user selects 100 as number of rentals then the user should see 83 as starter price, 633 
                                as professional price and 861 as ultimate price" time="0.2560" classname="then the user should see 83 as starter price, 633 
                                as professional price and 861 as ultimate price">
    </testcase>
  </testsuite>
  <testsuite name="when the user selects € EUR as currency" timestamp="2022-01-12T04:23:47" tests="0" time="0.0000" failures="0">
  </testsuite>
  <testsuite name="and the user selects montly as time period" timestamp="2022-01-12T04:23:47" tests="0" time="0.0000" failures="0">
  </testsuite>
  <testsuite name="and the user selects 0 as number of rentals" timestamp="2022-01-12T04:23:47" tests="1" time="0.7420" failures="0">
    <testcase name="Slider Tests given a user selecting a vacation rental when the user selects € EUR as currency and the user selects montly as time period and the user selects 0 as number of rentals then the user should see 16 as starter price, 40 
                                as professional price and 61 as ultimate price" time="0.7420" classname="then the user should see 16 as starter price, 40 
                                as professional price and 61 as ultimate price">
    </testcase>
  </testsuite>
  <testsuite name="and the user selects 50 as number of rentals" timestamp="2022-01-12T04:23:48" tests="1" time="0.2400" failures="0">
    <testcase name="Slider Tests given a user selecting a vacation rental when the user selects € EUR as currency and the user selects montly as time period and the user selects 50 as number of rentals then the user should see 85 as starter price, 472 
                                as professional price and 666 as ultimate price" time="0.2400" classname="then the user should see 85 as starter price, 472 
                                as professional price and 666 as ultimate price">
    </testcase>
  </testsuite>
  <testsuite name="and the user selects 100 as number of rentals" timestamp="2022-01-12T04:23:48" tests="1" time="0.2520" failures="0">
    <testcase name="Slider Tests given a user selecting a vacation rental when the user selects € EUR as currency and the user selects montly as time period and the user selects 100 as number of rentals then the user should see 117 as starter price, 858 
                                as professional price and 1181 as ultimate price" time="0.2520" classname="then the user should see 117 as starter price, 858 
                                as professional price and 1181 as ultimate price">
    </testcase>
  </testsuite>
  <testsuite name="and the user selects yearly as time period" timestamp="2022-01-12T04:23:48" tests="0" time="0.0000" failures="0">
  </testsuite>
  <testsuite name="and the user selects 0 as number of rentals" timestamp="2022-01-12T04:23:48" tests="1" time="0.5000" failures="0">
    <testcase name="Slider Tests given a user selecting a vacation rental when the user selects € EUR as currency and the user selects yearly as time period and the user selects 0 as number of rentals then the user should see 11 as starter price, 28 
                                as professional price and 43 as ultimate price" time="0.5000" classname="then the user should see 11 as starter price, 28 
                                as professional price and 43 as ultimate price">
    </testcase>
  </testsuite>
  <testsuite name="and the user selects 50 as number of rentals" timestamp="2022-01-12T04:23:49" tests="1" time="0.2680" failures="0">
    <testcase name="Slider Tests given a user selecting a vacation rental when the user selects € EUR as currency and the user selects yearly as time period and the user selects 50 as number of rentals then the user should see 60 as starter price, 330 
                                as professional price and 466 as ultimate price" time="0.2680" classname="then the user should see 60 as starter price, 330 
                                as professional price and 466 as ultimate price">
    </testcase>
  </testsuite>
  <testsuite name="and the user selects 100 as number of rentals" timestamp="2022-01-12T04:23:49" tests="1" time="0.2660" failures="0">
    <testcase name="Slider Tests given a user selecting a vacation rental when the user selects € EUR as currency and the user selects yearly as time period and the user selects 100 as number of rentals then the user should see 82 as starter price, 600 
                                as professional price and 826 as ultimate price" time="0.2660" classname="then the user should see 82 as starter price, 600 
                                as professional price and 826 as ultimate price">
    </testcase>
  </testsuite>
  <testsuite name="and the user selects two-years as time period" timestamp="2022-01-12T04:23:49" tests="0" time="0.0000" failures="0">
  </testsuite>
  <testsuite name="and the user selects 0 as number of rentals" timestamp="2022-01-12T04:23:49" tests="1" time="0.4890" failures="0">
    <testcase name="Slider Tests given a user selecting a vacation rental when the user selects € EUR as currency and the user selects two-years as time period and the user selects 0 as number of rentals then the user should see 10 as starter price, 26 
                                as professional price and 40 as ultimate price" time="0.4890" classname="then the user should see 10 as starter price, 26 
                                as professional price and 40 as ultimate price">
    </testcase>
  </testsuite>
  <testsuite name="and the user selects 50 as number of rentals" timestamp="2022-01-12T04:23:50" tests="1" time="0.3620" failures="0">
    <testcase name="Slider Tests given a user selecting a vacation rental when the user selects € EUR as currency and the user selects two-years as time period and the user selects 50 as number of rentals then the user should see 56 as starter price, 309 
                                as professional price and 437 as ultimate price" time="0.3620" classname="then the user should see 56 as starter price, 309 
                                as professional price and 437 as ultimate price">
    </testcase>
  </testsuite>
  <testsuite name="and the user selects 100 as number of rentals" timestamp="2022-01-12T04:23:50" tests="1" time="0.3070" failures="0">
    <testcase name="Slider Tests given a user selecting a vacation rental when the user selects € EUR as currency and the user selects two-years as time period and the user selects 100 as number of rentals then the user should see 77 as starter price, 563 
                                as professional price and 774 as ultimate price" time="0.3070" classname="then the user should see 77 as starter price, 563 
                                as professional price and 774 as ultimate price">
    </testcase>
  </testsuite>
  <testsuite name="when the user selects £ GBP as currency" timestamp="2022-01-12T04:23:50" tests="0" time="0.0000" failures="0">
  </testsuite>
  <testsuite name="and the user selects montly as time period" timestamp="2022-01-12T04:23:51" tests="0" time="0.0000" failures="0">
  </testsuite>
  <testsuite name="and the user selects 0 as number of rentals" timestamp="2022-01-12T04:23:51" tests="1" time="0.7000" failures="0">
    <testcase name="Slider Tests given a user selecting a vacation rental when the user selects £ GBP as currency and the user selects montly as time period and the user selects 0 as number of rentals then the user should see 14 as starter price, 34 
                                as professional price and 56 as ultimate price" time="0.7000" classname="then the user should see 14 as starter price, 34 
                                as professional price and 56 as ultimate price">
    </testcase>
  </testsuite>
  <testsuite name="and the user selects 50 as number of rentals" timestamp="2022-01-12T04:23:51" tests="1" time="0.2450" failures="0">
    <testcase name="Slider Tests given a user selecting a vacation rental when the user selects £ GBP as currency and the user selects montly as time period and the user selects 50 as number of rentals then the user should see 73 as starter price, 420 
                                as professional price and 592 as ultimate price" time="0.2450" classname="then the user should see 73 as starter price, 420 
                                as professional price and 592 as ultimate price">
    </testcase>
  </testsuite>
  <testsuite name="and the user selects 100 as number of rentals" timestamp="2022-01-12T04:23:51" tests="1" time="0.3530" failures="0">
    <testcase name="Slider Tests given a user selecting a vacation rental when the user selects £ GBP as currency and the user selects montly as time period and the user selects 100 as number of rentals then the user should see 102 as starter price, 764 
                                as professional price and 1050 as ultimate price" time="0.3530" classname="then the user should see 102 as starter price, 764 
                                as professional price and 1050 as ultimate price">
    </testcase>
  </testsuite>
  <testsuite name="and the user selects yearly as time period" timestamp="2022-01-12T04:23:52" tests="0" time="0.0000" failures="0">
  </testsuite>
  <testsuite name="and the user selects 0 as number of rentals" timestamp="2022-01-12T04:23:52" tests="1" time="0.6020" failures="0">
    <testcase name="Slider Tests given a user selecting a vacation rental when the user selects £ GBP as currency and the user selects yearly as time period and the user selects 0 as number of rentals then the user should see 10 as starter price, 24 
                                as professional price and 39 as ultimate price" time="0.6020" classname="then the user should see 10 as starter price, 24 
                                as professional price and 39 as ultimate price">
    </testcase>
  </testsuite>
  <testsuite name="and the user selects 50 as number of rentals" timestamp="2022-01-12T04:23:52" tests="1" time="0.2900" failures="0">
    <testcase name="Slider Tests given a user selecting a vacation rental when the user selects £ GBP as currency and the user selects yearly as time period and the user selects 50 as number of rentals then the user should see 51 as starter price, 294 
                                as professional price and 414 as ultimate price" time="0.2900" classname="then the user should see 51 as starter price, 294 
                                as professional price and 414 as ultimate price">
    </testcase>
  </testsuite>
  <testsuite name="and the user selects 100 as number of rentals" timestamp="2022-01-12T04:23:53" tests="1" time="0.2780" failures="0">
    <testcase name="Slider Tests given a user selecting a vacation rental when the user selects £ GBP as currency and the user selects yearly as time period and the user selects 100 as number of rentals then the user should see 71 as starter price, 534 
                                as professional price and 734 as ultimate price" time="0.2780" classname="then the user should see 71 as starter price, 534 
                                as professional price and 734 as ultimate price">
    </testcase>
  </testsuite>
  <testsuite name="and the user selects two-years as time period" timestamp="2022-01-12T04:23:53" tests="0" time="0.0000" failures="0">
  </testsuite>
  <testsuite name="and the user selects 0 as number of rentals" timestamp="2022-01-12T04:23:53" tests="1" time="0.4910" failures="0">
    <testcase name="Slider Tests given a user selecting a vacation rental when the user selects £ GBP as currency and the user selects two-years as time period and the user selects 0 as number of rentals then the user should see 9 as starter price, 23 
                                as professional price and 37 as ultimate price" time="0.4910" classname="then the user should see 9 as starter price, 23 
                                as professional price and 37 as ultimate price">
    </testcase>
  </testsuite>
  <testsuite name="and the user selects 50 as number of rentals" timestamp="2022-01-12T04:23:53" tests="1" time="0.2530" failures="0">
    <testcase name="Slider Tests given a user selecting a vacation rental when the user selects £ GBP as currency and the user selects two-years as time period and the user selects 50 as number of rentals then the user should see 48 as starter price, 276 
                                as professional price and 388 as ultimate price" time="0.2530" classname="then the user should see 48 as starter price, 276 
                                as professional price and 388 as ultimate price">
    </testcase>
  </testsuite>
  <testsuite name="and the user selects 100 as number of rentals" timestamp="2022-01-12T04:23:54" tests="1" time="0.2570" failures="0">
    <testcase name="Slider Tests given a user selecting a vacation rental when the user selects £ GBP as currency and the user selects two-years as time period and the user selects 100 as number of rentals then the user should see 67 as starter price, 501 
                                as professional price and 688 as ultimate price" time="0.2570" classname="then the user should see 67 as starter price, 501 
                                as professional price and 688 as ultimate price">
    </testcase>
  </testsuite>
</testsuites>